<?xml version="1.0" encoding="UTF-8"?>
<!-- Generated by org.testng.reporters.JUnitXMLReporter -->
<testsuite hostname="DESKTOP-R5U0RRK" ignored="1" name="Default test" tests="1" failures="0" timestamp="12 Aug 2022 15:42:06 GMT" time="85.915" errors="0">
  <testcase name="verifylogin" time="13.162" classname="com.mystore.testcases.TC_AccountPageTest"/>
  <testcase name="verifyRegistrationAndLogin" time="0.0" classname="com.mystore.testcases.TC_AccountPageTest">
    <ignored/>
  </testcase> <!-- verifyRegistrationAndLogin -->
</testsuite> <!-- Default test -->
