<?xml version="1.0" encoding="UTF-8"?>
<!-- Generated by org.testng.reporters.JUnitXMLReporter -->
<testsuite hostname="DESKTOP-R5U0RRK" ignored="1" name="Test" tests="1" failures="0" timestamp="13 Aug 2022 07:40:16 GMT" time="112.753" errors="0">
  <testcase name="VerifyBuyProduct" time="69.467" classname="com.mystore.testcases.TC_ProductPageTest"/>
  <testcase name="VerifySearchProduct" time="0.0" classname="com.mystore.testcases.TC_ProductPageTest">
    <ignored/>
  </testcase> <!-- VerifySearchProduct -->
</testsuite> <!-- Test -->
