<?xml version="1.0" encoding="UTF-8"?>
<!-- Generated by org.testng.reporters.JUnitXMLReporter -->
<testsuite hostname="DESKTOP-R5U0RRK" ignored="1" name="Test" tests="1" failures="0" timestamp="2022-08-17T11:40:47 IST" time="132.533" errors="0">
  <testcase name="VerifyBuyProduct" time="87.756" classname="com.mystore.testcases.TC_ProductPageTest"/>
  <testcase name="VerifySearchProduct" time="0.0" classname="com.mystore.testcases.TC_ProductPageTest">
    <ignored/>
  </testcase> <!-- VerifySearchProduct -->
</testsuite> <!-- Test -->
