<?xml version="1.0" encoding="UTF-8"?>
<testng-results skipped="0" failed="0" ignored="1" total="2" passed="1">
  <reporter-output>
  </reporter-output>
  <suite name="Suite" duration-ms="112753" started-at="2022-08-13T07:38:23Z" finished-at="2022-08-13T07:40:16Z">
    <groups>
    </groups>
    <test name="Test" duration-ms="112753" started-at="2022-08-13T07:38:23Z" finished-at="2022-08-13T07:40:16Z">
      <class name="com.mystore.testcases.TC_ProductPageTest">
        <test-method status="PASS" signature="setUp()[pri:0, instance:com.mystore.testcases.TC_ProductPageTest@63753b6d]" name="setUp" is-config="true" duration-ms="41786" started-at="2022-08-13T07:38:23Z" finished-at="2022-08-13T07:39:05Z">
          <reporter-output>
          </reporter-output>
        </test-method> <!-- setUp -->
        <test-method status="PASS" signature="VerifyBuyProduct()[pri:0, instance:com.mystore.testcases.TC_ProductPageTest@63753b6d]" name="VerifyBuyProduct" duration-ms="69467" started-at="2022-08-13T07:39:05Z" finished-at="2022-08-13T07:40:15Z">
          <reporter-output>
          </reporter-output>
        </test-method> <!-- VerifyBuyProduct -->
        <test-method status="PASS" signature="tearDown()[pri:0, instance:com.mystore.testcases.TC_ProductPageTest@63753b6d]" name="tearDown" is-config="true" duration-ms="918" started-at="2022-08-13T07:40:15Z" finished-at="2022-08-13T07:40:16Z">
          <reporter-output>
          </reporter-output>
        </test-method> <!-- tearDown -->
      </class> <!-- com.mystore.testcases.TC_ProductPageTest -->
    </test> <!-- Test -->
  </suite> <!-- Suite -->
</testng-results>
